19:12:35.827 [print] BPQncNizSo
19:12:35.836 [print] {
  "name": "tom",
  "gender": "male",
  "status": "active",
  "email": "BPQncNizSo@gmail.com"
}

19:12:36.181 request:
1 > POST https://gorest.co.in/public/v2/users
1 > Accept-Encoding: gzip,deflate
1 > Authorization: Bearer 007526d9efdbc07e084ff7a6d4cfcc90588fbe20641c00faebf45a7f3b2eaf33
1 > Connection: Keep-Alive
1 > Content-Length: 79
1 > Content-Type: application/json; charset=UTF-8
1 > Host: gorest.co.in
1 > User-Agent: Apache-HttpClient/4.5.12 (Java/11.0.15.1)
{"name":"tom","gender":"male","status":"active","email":"BPQncNizSo@gmail.com"}

19:12:38.073 response time in milliseconds: 1889.21
1 < 201
1 < CF-Cache-Status: DYNAMIC
1 < CF-RAY: 72fd14762fa07ea1-LAX
1 < Cache-Control: max-age=0, private, must-revalidate
1 < Connection: keep-alive
1 < Content-Type: application/json; charset=utf-8
1 < Date: Sun, 24 Jul 2022 13:42:36 GMT
1 < ETag: W/"9478a46b1a931ebca41d73b9f2b39ca4"
1 < Expect-CT: max-age=604800, report-uri="https://report-uri.cloudflare.com/cdn-cgi/beacon/expect-ct"
1 < Location: https://gorest.co.in/public/v2/users/4505
1 < NEL: {"success_fraction":0,"report_to":"cf-nel","max_age":604800}
1 < Referrer-Policy: strict-origin-when-cross-origin
1 < Report-To: {"endpoints":[{"url":"https:\/\/a.nel.cloudflare.com\/report\/v3?s=vx58CPlLDHsPS%2BXXxKdqjAJLDc9axsg1Dxq4QFZ09zvNC58acMBKuVy2ZltHWRNACXcAyJ%2FTPlUDYfJjKrGcNGg9cNEjx%2FCQNrzoHXJvhxQ3FLv3wKxfNsi1kT2dA8M%3D"}],"group":"cf-nel","max_age":604800}
1 < Server: cloudflare
1 < Strict-Transport-Security: max-age=63072000; includeSubDomains
1 < Transfer-Encoding: chunked
1 < Vary: Origin
1 < X-Content-Type-Options: nosniff
1 < X-Download-Options: noopen
1 < X-Frame-Options: SAMEORIGIN
1 < X-Permitted-Cross-Domain-Policies: none
1 < X-RateLimit-Limit: 90
1 < X-RateLimit-Remaining: 89
1 < X-RateLimit-Reset: 1
1 < X-Request-Id: fce36fa3-2070-48a4-ae88-9e9c675af2be
1 < X-Runtime: 0.020768
1 < X-XSS-Protection: 0
1 < alt-svc: h3=":443"; ma=86400, h3-29=":443"; ma=86400
{"id":4505,"name":"tom","email":"BPQncNizSo@gmail.com","gender":"male","status":"active"}

19:12:38.077 assertion failed: path: $.email, actual: 'BPQncNizSo@gmail.com', expected: 'requestPayload.email', reason: not equal
t equal
atible;IE;GACv7 1 5192 22378)

17:27:59.636 response time in milliseconds: 1686.32
1 < 200
1 < CF-Cache-Status: DYNAMIC
1 < CF-RAY: 72fc7b2c6ac27ab1-LAX
1 < Cache-Control: max-age=0, private, must-revalidate
1 < Connection: keep-alive
1 < Content-Type: application/json; charset=utf-8
1 < Date: Sun, 24 Jul 2022 11:57:57 GMT
1 < ETag: W/"b2517f56abe265d3acdda3cd75c1ce20"
1 < Expect-CT: max-age=604800, report-uri="https://report-uri.cloudflare.com/cdn-cgi/beacon/expect-ct"
1 < NEL: {"success_fraction":0,"report_to":"cf-nel","max_age":604800}
1 < Referrer-Policy: strict-origin-when-cross-origin
1 < Report-To: {"endpoints":[{"url":"https:\/\/a.nel.cloudflare.com\/report\/v3?s=bKvwdZe%2FmKd5Fjsa7rXmPiMcGaDDMn2NhEHJn5stUXgJ3tiHuQ%2F1uRNgjuSm8dbGK99DOeWe50UMLUUfkKhDLHyL%2FIhBa90UiM%2Bf4Duny4qOmwrNhJfTHNu2j%2Fecvvw%3D"}],"group":"cf-nel","max_age":604800}
1 < Server: cloudflare
1 < Strict-Transport-Security: max-age=63072000; includeSubDomains
1 < Transfer-Encoding: chunked
1 < Vary: [Accept-Encoding, Origin]
1 < X-Content-Type-Options: nosniff
1 < X-Download-Options: noopen
1 < X-Frame-Options: SAMEORIGIN
1 < X-Permitted-Cross-Domain-Policies: none
1 < X-Request-Id: c9ce76be-2778-4bcd-928f-0970a10e6ed2
1 < X-Runtime: 0.005014
1 < X-XSS-Protection: 0
1 < alt-svc: h3=":443"; ma=86400, h3-29=":443"; ma=86400
{"id":30,"name":"Rajinder Kaul","email":"kaul_rajinder@gislason.io","gender":"female","status":"active"}

17:27:59.638 [print] {
  "gender": "female",
  "name": "Rajinder Kaul",
  "id": 30,
  "email": "kaul_rajinder@gislason.io",
  "status": "active"
}

17:27:59.652 request:
1 > GET https://gorest.co.in/public/v2/users/30
1 > Accept-Encoding: gzip,deflate
1 > Connection: Keep-Alive
1 > Content-Type: text/xml;charset=ISO-8859-1
1 > Host: gorest.co.in
1 > User-Agent: Mozilla/4.0(compatible;IE;GACv7 1 5192 22378)

17:28:01.298 response time in milliseconds: 1644.53
1 < 200
1 < CF-Cache-Status: DYNAMIC
1 < CF-RAY: 72fc7b3719cc7d8f-LAX
1 < Cache-Control: max-age=0, private, must-revalidate
1 < Connection: keep-alive
1 < Content-Type: application/json; charset=utf-8
1 < Date: Sun, 24 Jul 2022 11:57:59 GMT
1 < ETag: W/"b2517f56abe265d3acdda3cd75c1ce20"
1 < Expect-CT: max-age=604800, report-uri="https://report-uri.cloudflare.com/cdn-cgi/beacon/expect-ct"
1 < NEL: {"success_fraction":0,"report_to":"cf-nel","max_age":604800}
1 < Referrer-Policy: strict-origin-when-cross-origin
1 < Report-To: {"endpoints":[{"url":"https:\/\/a.nel.cloudflare.com\/report\/v3?s=b3NpmyXzKAonl1uC8naJyXwe%2BA%2Bsd%2Fe0vjnPnM%2BkOWJjU629IZJcF65zajbjYrDKOE09D1tTMXKi30P64FrmTRTpL16VlKcURqanniiMtBWnb5iZmjLhWJPIBTl2bog%3D"}],"group":"cf-nel","max_age":604800}
1 < Server: cloudflare
1 < Strict-Transport-Security: max-age=63072000; includeSubDomains
1 < Transfer-Encoding: chunked
1 < Vary: [Accept-Encoding, Origin]
1 < X-Content-Type-Options: nosniff
1 < X-Download-Options: noopen
1 < X-Frame-Options: SAMEORIGIN
1 < X-Permitted-Cross-Domain-Policies: none
1 < X-Request-Id: 956a4e37-91f6-41ea-9e65-26490a5a0715
1 < X-Runtime: 0.003246
1 < X-XSS-Protection: 0
1 < alt-svc: h3=":443"; ma=86400, h3-29=":443"; ma=86400
{"id":30,"name":"Rajinder Kaul","email":"kaul_rajinder@gislason.io","gender":"female","status":"active"}

17:28:01.299 [print] {
  "gender": "female",
  "name": "Rajinder Kaul",
  "id": 30,
  "email": "kaul_rajinder@gislason.io",
  "status": "active"
}

jinder Kaul",
    "id": 30,
    "email": "kaul_rajinder@gislason.io",
    "status": "active"
  },
  "meta": null
}

%2FUsLibzPcXOZuxREjxqaAcWA32oQJS61UGMMyv7qWq0%3D"}],"group":"cf-nel","max_age":604800}
1 < Server: cloudflare
1 < Strict-Transport-Security: max-age=63072000; includeSubDomains
1 < Transfer-Encoding: chunked
1 < Vary: [Accept-Encoding, Origin]
1 < X-Content-Type-Options: nosniff
1 < X-Download-Options: noopen
1 < X-Frame-Options: SAMEORIGIN
1 < X-Links-Current: https://gorest.co.in/public/v2/users?page=1
1 < X-Links-Next: https://gorest.co.in/public/v2/users?page=2
1 < X-Links-Previous: 
1 < X-Pagination-Limit: 10
1 < X-Pagination-Page: 1
1 < X-Pagination-Pages: 177
1 < X-Pagination-Total: 1762
1 < X-Permitted-Cross-Domain-Policies: none
1 < X-Request-Id: 763cad06-dc59-479f-b06e-beec6820c5c6
1 < X-Runtime: 0.007152
1 < X-XSS-Protection: 0
1 < alt-svc: h3=":443"; ma=86400, h3-29=":443"; ma=86400
[{"id":3628,"name":"Brahmabrata Sinha","email":"sinha_brahmabrata@corwin.co","gender":"female","status":"active"},{"id":3627,"name":"The Hon. Naveen Guneta","email":"hon_the_naveen_guneta@kertzmann.io","gender":"female","status":"active"},{"id":3625,"name":"Rita Kapoor","email":"kapoor_rita@gusikowski.name","gender":"female","status":"active"},{"id":3624,"name":"Tarun Rana","email":"tarun_rana@nikolaus-stanton.info","gender":"female","status":"active"},{"id":3618,"name":"Kamala Prajapat","email":"prajapat_kamala@wintheiser-reichel.io","gender":"female","status":"active"},{"id":3616,"name":"Aatmaj Sinha","email":"sinha_aatmaj@zemlak-pfannerstill.net","gender":"male","status":"active"},{"id":3614,"name":"Chakravarti Kaul","email":"chakravarti_kaul@thiel.net","gender":"male","status":"active"},{"id":3612,"name":"Bhuvanesh Gill","email":"bhuvanesh_gill@hirthe.co","gender":"female","status":"active"},{"id":3610,"name":"Hiranmaya Naik","email":"naik_hiranmaya@douglas.org","gender":"female","status":"active"},{"id":3609,"name":"Chandini Butt","email":"chandini_butt@johnson.info","gender":"male","status":"active"}]

16:53:43.846 [print] [
  {
    "gender": "female",
    "name": "Brahmabrata Sinha",
    "id": 3628,
    "email": "sinha_brahmabrata@corwin.co",
    "status": "active"
  },
  {
    "gender": "female",
    "name": "The Hon. Naveen Guneta",
    "id": 3627,
    "email": "hon_the_naveen_guneta@kertzmann.io",
    "status": "active"
  },
  {
    "gender": "female",
    "name": "Rita Kapoor",
    "id": 3625,
    "email": "kapoor_rita@gusikowski.name",
    "status": "active"
  },
  {
    "gender": "female",
    "name": "Tarun Rana",
    "id": 3624,
    "email": "tarun_rana@nikolaus-stanton.info",
    "status": "active"
  },
  {
    "gender": "female",
    "name": "Kamala Prajapat",
    "id": 3618,
    "email": "prajapat_kamala@wintheiser-reichel.io",
    "status": "active"
  },
  {
    "gender": "male",
    "name": "Aatmaj Sinha",
    "id": 3616,
    "email": "sinha_aatmaj@zemlak-pfannerstill.net",
    "status": "active"
  },
  {
    "gender": "male",
    "name": "Chakravarti Kaul",
    "id": 3614,
    "email": "chakravarti_kaul@thiel.net",
    "status": "active"
  },
  {
    "gender": "female",
    "name": "Bhuvanesh Gill",
    "id": 3612,
    "email": "bhuvanesh_gill@hirthe.co",
    "status": "active"
  },
  {
    "gender": "female",
    "name": "Hiranmaya Naik",
    "id": 3610,
    "email": "naik_hiranmaya@douglas.org",
    "status": "active"
  },
  {
    "gender": "male",
    "name": "Chandini Butt",
    "id": 3609,
    "email": "chandini_butt@johnson.info",
    "status": "active"
  }
]

16:53:43.847 [print] 10
3:10.882 assertion failed: path: $, actual: 10, expected: 20, reason: not equal (Integer)
